# JRE version: OpenJDK Runtime Environment (17.0.9) (build 17.0.9+0--11185874)
# Java VM: OpenJDK 64-Bit Server VM (17.0.9+0--11185874, mixed mode, tiered, compressed oops, compressed class ptrs, g1 gc, windows-amd64)
GC Precious Log:
 CPUs: 12 total, 12 available
 Memory: 15791M
 Large Page Support: Disabled
 NUMA Support: Disabled
 Compressed Oops: Enabled (32-bit)
 Heap Region Size: 1M
 Heap Min Capacity: 8M
 Heap Initial Capacity: 248M
 Heap Max Capacity: 2G
 Pre-touch: Disabled
 Parallel Workers: 10
 Concurrent Workers: 3
 Concurrent Refinement Workers: 10
 Periodic GC: Disabled
Heap:
 garbage-first heap   total 356352K, used 213363K [0x0000000080000000, 0x0000000100000000)
  region size 1024K, 47 young (48128K), 8 survivors (8192K)
 Metaspace       used 125839K, committed 126784K, reserved 1179648K
  class space    used 17731K, committed 18240K, reserved 1048576K
GC Heap History (20 events):
Event: 11.483 GC heap before
{Heap before GC invocations=35 (full 0):
 garbage-first heap   total 178176K, used 147059K [0x0000000080000000, 0x0000000100000000)
  region size 1024K, 55 young (56320K), 4 survivors (4096K)
 Metaspace       used 100498K, committed 101312K, reserved 1179648K
  class space    used 14116K, committed 14528K, reserved 1048576K
}
Event: 11.487 GC heap after
{Heap after GC invocations=36 (full 0):
 garbage-first heap   total 178176K, used 99760K [0x0000000080000000, 0x0000000100000000)
  region size 1024K, 7 young (7168K), 7 survivors (7168K)
 Metaspace       used 100498K, committed 101312K, reserved 1179648K
  class space    used 14116K, committed 14528K, reserved 1048576K
}
Event: 11.496 GC heap before
{Heap before GC invocations=36 (full 0):
 garbage-first heap   total 178176K, used 100784K [0x0000000080000000, 0x0000000100000000)
  region size 1024K, 8 young (8192K), 7 survivors (7168K)
 Metaspace       used 100521K, committed 101376K, reserved 1179648K
  class space    used 14123K, committed 14528K, reserved 1048576K
}
Event: 11.501 GC heap after
{Heap after GC invocations=37 (full 0):
 garbage-first heap   total 178176K, used 100084K [0x0000000080000000, 0x0000000100000000)
  region size 1024K, 1 young (1024K), 1 survivors (1024K)
 Metaspace       used 100521K, committed 101376K, reserved 1179648K
  class space    used 14123K, committed 14528K, reserved 1048576K
}
Event: 11.608 GC heap before
{Heap before GC invocations=37 (full 0):
 garbage-first heap   total 178176K, used 147188K [0x0000000080000000, 0x0000000100000000)
  region size 1024K, 47 young (48128K), 1 survivors (1024K)
 Metaspace       used 100774K, committed 101504K, reserved 1179648K
  class space    used 14171K, committed 14528K, reserved 1048576K
}
Event: 11.610 GC heap after
{Heap after GC invocations=38 (full 0):
 garbage-first heap   total 178176K, used 103947K [0x0000000080000000, 0x0000000100000000)
  region size 1024K, 5 young (5120K), 5 survivors (5120K)
 Metaspace       used 100774K, committed 101504K, reserved 1179648K
  class space    used 14171K, committed 14528K, reserved 1048576K
}
Event: 11.748 GC heap before
{Heap before GC invocations=38 (full 0):
 garbage-first heap   total 178176K, used 146955K [0x0000000080000000, 0x0000000100000000)
  region size 1024K, 47 young (48128K), 5 survivors (5120K)
 Metaspace       used 100877K, committed 101696K, reserved 1179648K
  class space    used 14175K, committed 14592K, reserved 1048576K
}
Event: 11.751 GC heap after
{Heap after GC invocations=39 (full 0):
 garbage-first heap   total 178176K, used 106165K [0x0000000080000000, 0x0000000100000000)
  region size 1024K, 5 young (5120K), 5 survivors (5120K)
 Metaspace       used 100877K, committed 101696K, reserved 1179648K
  class space    used 14175K, committed 14592K, reserved 1048576K
}
Event: 11.994 GC heap before
{Heap before GC invocations=39 (full 0):
 garbage-first heap   total 178176K, used 145077K [0x0000000080000000, 0x0000000100000000)
  region size 1024K, 44 young (45056K), 5 survivors (5120K)
 Metaspace       used 101294K, committed 102016K, reserved 1179648K
  class space    used 14220K, committed 14592K, reserved 1048576K
}
Event: 11.997 GC heap after
{Heap after GC invocations=40 (full 0):
 garbage-first heap   total 178176K, used 108876K [0x0000000080000000, 0x0000000100000000)
  region size 1024K, 6 young (6144K), 6 survivors (6144K)
 Metaspace       used 101294K, committed 102016K, reserved 1179648K
  class space    used 14220K, committed 14592K, reserved 1048576K
}
Event: 12.122 GC heap before
{Heap before GC invocations=40 (full 0):
 garbage-first heap   total 178176K, used 144716K [0x0000000080000000, 0x0000000100000000)
  region size 1024K, 42 young (43008K), 6 survivors (6144K)
 Metaspace       used 101438K, committed 102208K, reserved 1179648K
  class space    used 14220K, committed 14592K, reserved 1048576K
}
Event: 12.125 GC heap after
{Heap after GC invocations=41 (full 0):
 garbage-first heap   total 178176K, used 111432K [0x0000000080000000, 0x0000000100000000)
  region size 1024K, 5 young (5120K), 5 survivors (5120K)
 Metaspace       used 101438K, committed 102208K, reserved 1179648K
  class space    used 14220K, committed 14592K, reserved 1048576K
}
Event: 12.271 GC heap before
{Heap before GC invocations=41 (full 0):
 garbage-first heap   total 178176K, used 145224K [0x0000000080000000, 0x0000000100000000)
  region size 1024K, 39 young (39936K), 5 survivors (5120K)
 Metaspace       used 101654K, committed 102400K, reserved 1179648K
  class space    used 14233K, committed 14592K, reserved 1048576K
}
Event: 12.275 GC heap after
{Heap after GC invocations=42 (full 0):
 garbage-first heap   total 356352K, used 113967K [0x0000000080000000, 0x0000000100000000)
  region size 1024K, 5 young (5120K), 5 survivors (5120K)
 Metaspace       used 101654K, committed 102400K, reserved 1179648K
  class space    used 14233K, committed 14592K, reserved 1048576K
}
Event: 13.327 GC heap before
{Heap before GC invocations=42 (full 0):
 garbage-first heap   total 356352K, used 271663K [0x0000000080000000, 0x0000000100000000)
  region size 1024K, 160 young (163840K), 5 survivors (5120K)
 Metaspace       used 105035K, committed 105792K, reserved 1179648K
  class space    used 14676K, committed 15040K, reserved 1048576K
}
Event: 13.335 GC heap after
{Heap after GC invocations=43 (full 0):
 garbage-first heap   total 356352K, used 121721K [0x0000000080000000, 0x0000000100000000)
  region size 1024K, 13 young (13312K), 13 survivors (13312K)
 Metaspace       used 105035K, committed 105792K, reserved 1179648K
  class space    used 14676K, committed 15040K, reserved 1048576K
}
Event: 21.764 GC heap before
{Heap before GC invocations=43 (full 0):
 garbage-first heap   total 356352K, used 286585K [0x0000000080000000, 0x0000000100000000)
  region size 1024K, 170 young (174080K), 13 survivors (13312K)
 Metaspace       used 108209K, committed 109056K, reserved 1179648K
  class space    used 15029K, committed 15424K, reserved 1048576K
}
Event: 21.776 GC heap after
{Heap after GC invocations=44 (full 0):
 garbage-first heap   total 356352K, used 133880K [0x0000000080000000, 0x0000000100000000)
  region size 1024K, 22 young (22528K), 22 survivors (22528K)
 Metaspace       used 108209K, committed 109056K, reserved 1179648K
  class space    used 15029K, committed 15424K, reserved 1048576K
}
Event: 23.466 GC heap before
{Heap before GC invocations=44 (full 0):
 garbage-first heap   total 356352K, used 283384K [0x0000000080000000, 0x0000000100000000)
  region size 1024K, 169 young (173056K), 22 survivors (22528K)
 Metaspace       used 122615K, committed 123520K, reserved 1179648K
  class space    used 17225K, committed 17664K, reserved 1048576K
}
Event: 23.476 GC heap after
{Heap after GC invocations=45 (full 0):
 garbage-first heap   total 356352K, used 137587K [0x0000000080000000, 0x0000000100000000)
  region size 1024K, 8 young (8192K), 8 survivors (8192K)
 Metaspace       used 122615K, committed 123520K, reserved 1179648K
  class space    used 17225K, committed 17664K, reserved 1048576K
}

