# JRE version: OpenJDK Runtime Environment (17.0.9) (build 17.0.9+0--11185874)
# Java VM: OpenJDK 64-Bit Server VM (17.0.9+0--11185874, mixed mode, tiered, compressed oops, compressed class ptrs, g1 gc, windows-amd64)
GC Precious Log:
 CPUs: 12 total, 12 available
 Memory: 15791M
 Large Page Support: Disabled
 NUMA Support: Disabled
 Compressed Oops: Enabled (32-bit)
 Heap Region Size: 1M
 Heap Min Capacity: 8M
 Heap Initial Capacity: 248M
 Heap Max Capacity: 2G
 Pre-touch: Disabled
 Parallel Workers: 10
 Concurrent Workers: 3
 Concurrent Refinement Workers: 10
 Periodic GC: Disabled
Heap:
 garbage-first heap   total 384000K, used 173337K [0x0000000080000000, 0x0000000100000000)
  region size 1024K, 13 young (13312K), 2 survivors (2048K)
 Metaspace       used 150375K, committed 151680K, reserved 1179648K
  class space    used 21337K, committed 22016K, reserved 1048576K
GC Heap History (20 events):
Event: 58.811 GC heap before
{Heap before GC invocations=54 (full 0):
 garbage-first heap   total 331776K, used 290391K [0x0000000080000000, 0x0000000100000000)
  region size 1024K, 78 young (79872K), 4 survivors (4096K)
 Metaspace       used 147371K, committed 148416K, reserved 1179648K
  class space    used 21101K, committed 21632K, reserved 1048576K
}
Event: 58.817 GC heap after
{Heap after GC invocations=55 (full 0):
 garbage-first heap   total 331776K, used 183517K [0x0000000080000000, 0x0000000100000000)
  region size 1024K, 9 young (9216K), 9 survivors (9216K)
 Metaspace       used 147371K, committed 148416K, reserved 1179648K
  class space    used 21101K, committed 21632K, reserved 1048576K
}
Event: 257.736 GC heap before
{Heap before GC invocations=55 (full 0):
 garbage-first heap   total 331776K, used 277725K [0x0000000080000000, 0x0000000100000000)
  region size 1024K, 102 young (104448K), 9 survivors (9216K)
 Metaspace       used 147932K, committed 148992K, reserved 1179648K
  class space    used 21141K, committed 21696K, reserved 1048576K
}
Event: 257.741 GC heap after
{Heap after GC invocations=56 (full 0):
 garbage-first heap   total 331776K, used 180115K [0x0000000080000000, 0x0000000100000000)
  region size 1024K, 4 young (4096K), 4 survivors (4096K)
 Metaspace       used 147932K, committed 148992K, reserved 1179648K
  class space    used 21141K, committed 21696K, reserved 1048576K
}
Event: 258.917 GC heap before
{Heap before GC invocations=56 (full 0):
 garbage-first heap   total 331776K, used 278419K [0x0000000080000000, 0x0000000100000000)
  region size 1024K, 101 young (103424K), 4 survivors (4096K)
 Metaspace       used 148328K, committed 149504K, reserved 1179648K
  class space    used 21161K, committed 21760K, reserved 1048576K
}
Event: 258.925 GC heap after
{Heap after GC invocations=57 (full 0):
 garbage-first heap   total 331776K, used 189422K [0x0000000080000000, 0x0000000100000000)
  region size 1024K, 13 young (13312K), 13 survivors (13312K)
 Metaspace       used 148328K, committed 149504K, reserved 1179648K
  class space    used 21161K, committed 21760K, reserved 1048576K
}
Event: 261.385 GC heap before
{Heap before GC invocations=57 (full 0):
 garbage-first heap   total 331776K, used 271342K [0x0000000080000000, 0x0000000100000000)
  region size 1024K, 73 young (74752K), 13 survivors (13312K)
 Metaspace       used 148802K, committed 149888K, reserved 1179648K
  class space    used 21209K, committed 21760K, reserved 1048576K
}
Event: 261.392 GC heap after
{Heap after GC invocations=58 (full 0):
 garbage-first heap   total 331776K, used 213881K [0x0000000080000000, 0x0000000100000000)
  region size 1024K, 3 young (3072K), 3 survivors (3072K)
 Metaspace       used 148802K, committed 149888K, reserved 1179648K
  class space    used 21209K, committed 21760K, reserved 1048576K
}
Event: 1294.054 GC heap before
{Heap before GC invocations=59 (full 0):
 garbage-first heap   total 384000K, used 294777K [0x0000000080000000, 0x0000000100000000)
  region size 1024K, 70 young (71680K), 3 survivors (3072K)
 Metaspace       used 148951K, committed 150080K, reserved 1179648K
  class space    used 21190K, committed 21760K, reserved 1048576K
}
Event: 1294.059 GC heap after
{Heap after GC invocations=60 (full 0):
 garbage-first heap   total 384000K, used 191230K [0x0000000080000000, 0x0000000100000000)
  region size 1024K, 5 young (5120K), 5 survivors (5120K)
 Metaspace       used 148951K, committed 150080K, reserved 1179648K
  class space    used 21190K, committed 21760K, reserved 1048576K
}
Event: 1294.199 GC heap before
{Heap before GC invocations=60 (full 0):
 garbage-first heap   total 384000K, used 204542K [0x0000000080000000, 0x0000000100000000)
  region size 1024K, 18 young (18432K), 5 survivors (5120K)
 Metaspace       used 149012K, committed 150144K, reserved 1179648K
  class space    used 21193K, committed 21760K, reserved 1048576K
}
Event: 1294.206 GC heap after
{Heap after GC invocations=61 (full 0):
 garbage-first heap   total 384000K, used 171215K [0x0000000080000000, 0x0000000100000000)
  region size 1024K, 3 young (3072K), 3 survivors (3072K)
 Metaspace       used 149012K, committed 150144K, reserved 1179648K
  class space    used 21193K, committed 21760K, reserved 1048576K
}
Event: 1298.718 GC heap before
{Heap before GC invocations=61 (full 0):
 garbage-first heap   total 384000K, used 313551K [0x0000000080000000, 0x0000000100000000)
  region size 1024K, 143 young (146432K), 3 survivors (3072K)
 Metaspace       used 149653K, committed 150848K, reserved 1179648K
  class space    used 21248K, committed 21824K, reserved 1048576K
}
Event: 1298.723 GC heap after
{Heap after GC invocations=62 (full 0):
 garbage-first heap   total 384000K, used 178451K [0x0000000080000000, 0x0000000100000000)
  region size 1024K, 10 young (10240K), 10 survivors (10240K)
 Metaspace       used 149653K, committed 150848K, reserved 1179648K
  class space    used 21248K, committed 21824K, reserved 1048576K
}
Event: 1298.731 GC heap before
{Heap before GC invocations=62 (full 0):
 garbage-first heap   total 384000K, used 178451K [0x0000000080000000, 0x0000000100000000)
  region size 1024K, 12 young (12288K), 10 survivors (10240K)
 Metaspace       used 149658K, committed 150848K, reserved 1179648K
  class space    used 21248K, committed 21824K, reserved 1048576K
}
Event: 1298.736 GC heap after
{Heap after GC invocations=63 (full 0):
 garbage-first heap   total 384000K, used 178865K [0x0000000080000000, 0x0000000100000000)
  region size 1024K, 11 young (11264K), 11 survivors (11264K)
 Metaspace       used 149658K, committed 150848K, reserved 1179648K
  class space    used 21248K, committed 21824K, reserved 1048576K
}
Event: 1418.882 GC heap before
{Heap before GC invocations=64 (full 0):
 garbage-first heap   total 384000K, used 347825K [0x0000000080000000, 0x0000000100000000)
  region size 1024K, 148 young (151552K), 11 survivors (11264K)
 Metaspace       used 149958K, committed 151168K, reserved 1179648K
  class space    used 21251K, committed 21888K, reserved 1048576K
}
Event: 1418.892 GC heap after
{Heap after GC invocations=65 (full 0):
 garbage-first heap   total 384000K, used 180176K [0x0000000080000000, 0x0000000100000000)
  region size 1024K, 19 young (19456K), 19 survivors (19456K)
 Metaspace       used 149958K, committed 151168K, reserved 1179648K
  class space    used 21251K, committed 21888K, reserved 1048576K
}
Event: 1418.937 GC heap before
{Heap before GC invocations=65 (full 0):
 garbage-first heap   total 384000K, used 181200K [0x0000000080000000, 0x0000000100000000)
  region size 1024K, 20 young (20480K), 19 survivors (19456K)
 Metaspace       used 149959K, committed 151168K, reserved 1179648K
  class space    used 21251K, committed 21888K, reserved 1048576K
}
Event: 1418.953 GC heap after
{Heap after GC invocations=66 (full 0):
 garbage-first heap   total 384000K, used 163097K [0x0000000080000000, 0x0000000100000000)
  region size 1024K, 2 young (2048K), 2 survivors (2048K)
 Metaspace       used 149959K, committed 151168K, reserved 1179648K
  class space    used 21251K, committed 21888K, reserved 1048576K
}

